0 info it worked if it ends with ok
1 verbose cli [ '/usr/local/bin/node',
1 verbose cli   '/usr/local/bin/npm',
1 verbose cli   'run',
1 verbose cli   'travel-seed' ]
2 info using npm@3.10.3
3 info using node@v6.3.1
4 verbose run-script [ 'pretravel-seed', 'travel-seed', 'posttravel-seed' ]
5 info lifecycle full-stack-demo-site@1.0.0~pretravel-seed: full-stack-demo-site@1.0.0
6 silly lifecycle full-stack-demo-site@1.0.0~pretravel-seed: no script for pretravel-seed, continuing
7 info lifecycle full-stack-demo-site@1.0.0~travel-seed: full-stack-demo-site@1.0.0
8 verbose lifecycle full-stack-demo-site@1.0.0~travel-seed: unsafe-perm in lifecycle true
9 verbose lifecycle full-stack-demo-site@1.0.0~travel-seed: PATH: /usr/local/lib/node_modules/npm/bin/node-gyp-bin:/Users/dshapiro/Desktop/Optimizely/full-stack-demo-site/node_modules/.bin:/usr/local/bin:/usr/local/bin:/usr/bin:/bin:/usr/sbin:/sbin:/usr/local/sbin:/usr/local/go/bin
10 verbose lifecycle full-stack-demo-site@1.0.0~travel-seed: CWD: /Users/dshapiro/Desktop/Optimizely/full-stack-demo-site
11 silly lifecycle full-stack-demo-site@1.0.0~travel-seed: Args: [ '-c', 'node helpers/travel-seed.js' ]
12 silly lifecycle full-stack-demo-site@1.0.0~travel-seed: Returned: code: 1  signal: null
13 info lifecycle full-stack-demo-site@1.0.0~travel-seed: Failed to exec travel-seed script
14 verbose stack Error: full-stack-demo-site@1.0.0 travel-seed: `node helpers/travel-seed.js`
14 verbose stack Exit status 1
14 verbose stack     at EventEmitter.<anonymous> (/usr/local/lib/node_modules/npm/lib/utils/lifecycle.js:242:16)
14 verbose stack     at emitTwo (events.js:106:13)
14 verbose stack     at EventEmitter.emit (events.js:191:7)
14 verbose stack     at ChildProcess.<anonymous> (/usr/local/lib/node_modules/npm/lib/utils/spawn.js:40:14)
14 verbose stack     at emitTwo (events.js:106:13)
14 verbose stack     at ChildProcess.emit (events.js:191:7)
14 verbose stack     at maybeClose (internal/child_process.js:852:16)
14 verbose stack     at Process.ChildProcess._handle.onexit (internal/child_process.js:215:5)
15 verbose pkgid full-stack-demo-site@1.0.0
16 verbose cwd /Users/dshapiro/Desktop/Optimizely/full-stack-demo-site
17 error Darwin 15.6.0
18 error argv "/usr/local/bin/node" "/usr/local/bin/npm" "run" "travel-seed"
19 error node v6.3.1
20 error npm  v3.10.3
21 error code ELIFECYCLE
22 error full-stack-demo-site@1.0.0 travel-seed: `node helpers/travel-seed.js`
22 error Exit status 1
23 error Failed at the full-stack-demo-site@1.0.0 travel-seed script 'node helpers/travel-seed.js'.
23 error Make sure you have the latest version of node.js and npm installed.
23 error If you do, this is most likely a problem with the full-stack-demo-site package,
23 error not with npm itself.
23 error Tell the author that this fails on your system:
23 error     node helpers/travel-seed.js
23 error You can get information on how to open an issue for this project with:
23 error     npm bugs full-stack-demo-site
23 error Or if that isn't available, you can get their info via:
23 error     npm owner ls full-stack-demo-site
23 error There is likely additional logging output above.
24 verbose exit [ 1, true ]
